Build started 2014-03-18 1:21:27.
     1>Project "D:\SVG Viewer\SVGViewer.vcxproj" on node 2 (build target(s)).
     1>InitializeBuildStatus:
         Creating "Debug\SVGViewer.unsuccessfulbuild" because "AlwaysCreate" was specified.
       ClCompile:
         D:\Software\VS2010\VC\bin\CL.exe /c /ZI /nologo /W3 /WX- /Od /Oy- /D WIN32 /D _DEBUG /D _WINDOWS /D _UNICODE /D UNICODE /Gm /EHsc /RTC1 /MDd /GS /fp:precise /Zc:wchar_t /Zc:forScope /Yc"StdAfx.h" /Fp"Debug\SVGViewer.pch" /Fo"Debug\\" /Fd"Debug\vc100.pdb" /Gd /TC /analyze- /errorReport:prompt DList.c Helper.c MyAlloc.c SvgDom.c SvgDumper.c SvgParser.c SvgReader.c SvgToken.c SvgTokenizer.c SvgDomBuilder.c TypeDef.c
         TypeDef.c
         SvgDomBuilder.c
         SvgTokenizer.c
         SvgToken.c
         SvgReader.c
         SvgParser.c
         SvgDumper.c
         SvgDom.c
         MyAlloc.c
         Helper.c
         DList.c
         D:\Software\VS2010\VC\bin\CL.exe /c /ZI /nologo /W3 /WX- /Od /Oy- /D WIN32 /D _DEBUG /D _WINDOWS /D _UNICODE /D UNICODE /Gm /EHsc /RTC1 /MDd /GS /fp:precise /Zc:wchar_t /Zc:forScope /Yc"StdAfx.h" /Fp"Debug\SVGViewer.pch" /Fo"Debug\\" /Fd"Debug\vc100.pdb" /Gd /TP /analyze- /errorReport:prompt stdafx.cpp SvgRenderer_GdiPlus.cpp SvgRenderObject.cpp SvgRenderTreeBuilder.cpp SvgViewer.cpp
         SvgViewer.cpp
     1>d:\svg viewer\iterator.h(38): warning C4200: nonstandard extension used : zero-sized array in struct/union
                 Cannot generate copy-ctor or copy-assignment operator when UDT contains a zero-sized array
         SvgRenderTreeBuilder.cpp
         SvgRenderObject.cpp
         SvgRenderer_GdiPlus.cpp
         stdafx.cpp
       ResourceCompile:
         C:\Program Files\Microsoft SDKs\Windows\v7.0A\bin\rc.exe /D _UNICODE /D UNICODE /l"0x0409" /nologo /fo"Debug\SVGViewer.res" SVGViewer.rc 
       ManifestResourceCompile:
         C:\Program Files\Microsoft SDKs\Windows\v7.0A\bin\rc.exe /nologo /fo"Debug\SVGViewer.exe.embed.manifest.res" Debug\SVGViewer_manifest.rc 
       Link:
         D:\Software\VS2010\VC\bin\link.exe /ERRORREPORT:PROMPT /OUT:"D:\SVG Viewer\Debug\SVGViewer.exe" /INCREMENTAL /NOLOGO kernel32.lib user32.lib gdi32.lib winspool.lib comdlg32.lib advapi32.lib shell32.lib ole32.lib oleaut32.lib uuid.lib odbc32.lib odbccp32.lib /MANIFEST /ManifestFile:"Debug\SVGViewer.exe.intermediate.manifest" /MANIFESTUAC:"level='asInvoker' uiAccess='false'" /DEBUG /PDB:"D:\SVG Viewer\Debug\SVGViewer.pdb" /SUBSYSTEM:WINDOWS /TLBID:1 /DYNAMICBASE /NXCOMPAT /IMPLIB:"D:\SVG Viewer\Debug\SVGViewer.lib" /MACHINE:X86 Debug\SVGViewer.res
         Debug\SVGViewer.exe.embed.manifest.res
         Debug\DList.obj
         Debug\Helper.obj
         Debug\MyAlloc.obj
         Debug\stdafx.obj
         Debug\SvgDom.obj
         Debug\SvgDumper.obj
         Debug\SvgParser.obj
         Debug\SvgReader.obj
         Debug\SvgRenderer_GdiPlus.obj
         Debug\SvgRenderObject.obj
         Debug\SvgRenderTreeBuilder.obj
         Debug\SvgToken.obj
         Debug\SvgTokenizer.obj
         Debug\SvgDomBuilder.obj
         Debug\SvgViewer.obj
         Debug\TypeDef.obj
       Manifest:
         C:\Program Files\Microsoft SDKs\Windows\v7.0A\bin\mt.exe /nologo /verbose /out:"Debug\SVGViewer.exe.embed.manifest" /manifest Debug\SVGViewer.exe.intermediate.manifest
         All outputs are up-to-date.
       LinkEmbedManifest:
         All outputs are up-to-date.
         SVGViewer.vcxproj -> D:\SVG Viewer\Debug\SVGViewer.exe
       FinalizeBuildStatus:
         Deleting file "Debug\SVGViewer.unsuccessfulbuild".
         Touching "Debug\SVGViewer.lastbuildstate".
     1>Done Building Project "D:\SVG Viewer\SVGViewer.vcxproj" (build target(s)).

Build succeeded.

Time Elapsed 00:00:07.18
